<?xml version="1.0" encoding="UTF-8"?>
<testng-results skipped="0" failed="0" ignored="0" total="1" passed="1">
  <reporter-output>
  </reporter-output>
  <suite name="Default suite" duration-ms="14117" started-at="2018-11-27T06:56:05Z" finished-at="2018-11-27T06:56:19Z">
    <groups>
    </groups>
    <test name="Default test" duration-ms="14117" started-at="2018-11-27T06:56:05Z" finished-at="2018-11-27T06:56:19Z">
      <class name="com.test.WindowsHandlingDemo1">
        <test-method status="PASS" signature="f()[pri:0, instance:com.test.WindowsHandlingDemo1@5034c75a]" name="f" duration-ms="14085" started-at="2018-11-27T06:56:05Z" finished-at="2018-11-27T06:56:19Z">
          <reporter-output>
          </reporter-output>
        </test-method> <!-- f -->
      </class> <!-- com.test.WindowsHandlingDemo1 -->
    </test> <!-- Default test -->
  </suite> <!-- Default suite -->
</testng-results>
